<?xml version="1.0" encoding="UTF-8"?>
<!-- Generated by org.testng.reporters.JUnitReportReporter -->
<testsuite hostname="DESKTOP-OPRE30T" failures="0" tests="2" name="org.flipkart.tests.HomePageTest" time="13.555" errors="0" timestamp="2024-06-23T21:03:52 IST" skipped="0">
  <testcase classname="org.flipkart.tests.HomePageTest" name="closeLoginPopup" time="10.350"/>
  <system-out/>
  <testcase classname="org.flipkart.tests.HomePageTest" name="searchProduct" time="3.205"/>
  <system-out/>
</testsuite> <!-- org.flipkart.tests.HomePageTest -->
