<?xml version="1.0" encoding="UTF-8"?>
<!-- Generated by org.testng.reporters.JUnitReportReporter -->
<testsuite hostname="DESKTOP-OPRE30T" failures="0" tests="1" name="org.flipkart.tests.HomePageTest" time="2.393" errors="0" timestamp="2024-05-29T00:36:33 IST" skipped="0">
  <testcase classname="org.flipkart.tests.HomePageTest" name="test" time="2.393"/>
  <system-out/>
</testsuite> <!-- org.flipkart.tests.HomePageTest -->
