<?xml version="1.0" encoding="UTF-8"?>
<!-- Generated by org.testng.reporters.JUnitReportReporter -->
<<<<<<< Updated upstream
<testsuite hostname="DESKTOP-OPRE30T" failures="0" tests="1" name="org.flipkart.tests.HomePageTest" time="2.840" errors="0" timestamp="2024-06-23T19:48:22 IST" skipped="0">
  <testcase classname="org.flipkart.tests.HomePageTest" name="searchProduct" time="2.840"/>
=======
<testsuite hostname="DESKTOP-OPRE30T" failures="0" tests="2" name="org.flipkart.tests.HomePageTest" time="13.141" errors="0" timestamp="2024-06-23T17:12:24 IST" skipped="0">
  <testcase classname="org.flipkart.tests.HomePageTest" name="test1" time="3.053"/>
  <system-out/>
  <testcase classname="org.flipkart.tests.HomePageTest" name="test" time="10.088"/>
>>>>>>> Stashed changes
  <system-out/>
</testsuite> <!-- org.flipkart.tests.HomePageTest -->
