<?xml version="1.0" encoding="UTF-8"?>
<!-- Generated by org.testng.reporters.JUnitReportReporter -->
<testsuite hostname="DESKTOP-OPRE30T" failures="0" tests="1" name="org.flipkart.setup.BaseTest" time="0.011" errors="0" timestamp="2024-05-28T20:52:07 IST" skipped="0">
  <testcase classname="org.flipkart.setup.BaseTest" name="a" time="0.011"/>
  <system-out/>
</testsuite> <!-- org.flipkart.setup.BaseTest -->
