<?xml version="1.0" encoding="UTF-8"?>
<!-- Generated by org.testng.reporters.JUnitReportReporter -->
<testsuite hostname="DESKTOP-OPRE30T" failures="0" tests="1" name="org.flipkart.tests.HomePageTest" time="2.840" errors="0" timestamp="2024-06-23T19:48:22 IST" skipped="0">
  <testcase classname="org.flipkart.tests.HomePageTest" name="searchProduct" time="2.840"/>
  <system-out/>
</testsuite> <!-- org.flipkart.tests.HomePageTest -->
