<?xml version="1.0" encoding="UTF-8"?>
<!-- Generated by org.testng.reporters.JUnitReportReporter -->
<testsuite hostname="DESKTOP-OPRE30T" failures="0" tests="1" name="org.flipkart.tests.HomePageTest" time="10.305" errors="0" timestamp="2024-07-14T21:58:20 IST" skipped="0">
  <testcase classname="org.flipkart.tests.HomePageTest" name="closeLoginPopup" time="10.305"/>
  <system-out/>
</testsuite> <!-- org.flipkart.tests.HomePageTest -->
