<?xml version="1.0" encoding="UTF-8"?>
<!-- Generated by org.testng.reporters.JUnitReportReporter -->
<testsuite hostname="DESKTOP-OPRE30T" failures="0" tests="2" name="org.flipkart.tests.HomePageTest" time="14.179" errors="0" timestamp="2024-06-24T21:51:58 IST" skipped="0">
  <testcase classname="org.flipkart.tests.HomePageTest" name="closeLoginPopup" time="10.288"/>
  <system-out/>
  <testcase classname="org.flipkart.tests.HomePageTest" name="searchProduct" time="3.891"/>
  <system-out/>
</testsuite> <!-- org.flipkart.tests.HomePageTest -->
